\BOOKMARK [0][-]{chapter*.3}{\376\377\004\042\004\025\004\040\004\034\004\030\004\035\004\053\000\040\004\030\000\040\004\036\004\037\004\040\004\025\004\024\004\025\004\033\004\025\004\035\004\030\004\057}{}% 1
\BOOKMARK [0][-]{chapter*.4}{\376\377\004\036\004\021\004\036\004\027\004\035\004\020\004\047\004\025\004\035\004\030\004\057\000\040\004\030\000\040\004\041\004\036\004\032\004\040\004\020\004\051\004\025\004\035\004\030\004\057}{}% 2
\BOOKMARK [0][-]{chapter*.5}{\376\377\004\040\004\025\004\044\004\025\004\040\004\020\004\042}{}% 3
\BOOKMARK [0][-]{chapter*.6}{\376\377\004\022\004\022\004\025\004\024\004\025\004\035\004\030\004\025}{}% 4
\BOOKMARK [0][-]{chapter.1}{\376\377\004\020\004\075\004\060\004\073\004\070\004\102\004\070\004\107\004\065\004\101\004\072\004\060\004\117\000\040\004\107\004\060\004\101\004\102\004\114}{}% 5
\BOOKMARK [1][-]{section.1.1}{\376\377\004\020\004\075\004\060\004\073\004\070\004\067\000\040\004\101\004\103\004\111\004\065\004\101\004\102\004\062\004\103\004\116\004\111\004\070\004\105\000\040\004\100\004\065\004\110\004\065\004\075\004\070\004\071}{chapter.1}% 6
\BOOKMARK [1][-]{section.1.2}{\376\377\004\044\004\076\004\100\004\074\004\060\004\073\004\070\004\067\004\060\004\106\004\070\004\117\000\040\004\067\004\060\004\064\004\060\004\107\004\070}{chapter.1}% 7
\BOOKMARK [2][-]{subsection.1.2.1}{\376\377\004\036\004\077\004\070\004\101\004\060\004\075\004\070\004\065\000\040\004\077\004\076\004\073\004\114\004\067\004\076\004\062\004\060\004\102\004\065\004\073\004\065\004\071\000\040\004\077\004\100\004\076\004\065\004\072\004\102\004\070\004\100\004\103\004\065\004\074\004\076\004\063\004\076\000\040\004\077\004\100\004\070\004\073\004\076\004\066\004\065\004\075\004\070\004\117\000\040\004\072\000\040\004\061\004\060\004\067\004\065\000\040\004\064\004\060\004\075\004\075\004\113\004\105}{section.1.2}% 8
\BOOKMARK [1][-]{section.1.3}{\376\377\004\044\004\076\004\100\004\074\004\060\004\073\004\070\004\067\004\060\004\106\004\070\004\117\000\040\004\064\004\060\004\075\004\075\004\113\004\105}{chapter.1}% 9
\BOOKMARK [1][-]{section.1.4}{\376\377\004\020\004\075\004\060\004\073\004\070\004\067\000\040\004\061\004\060\004\067\000\040\004\064\004\060\004\075\004\075\004\113\004\105}{chapter.1}% 10
\BOOKMARK [2][-]{subsection.1.4.1}{\376\377\004\024\004\076\004\100\004\065\004\073\004\117\004\106\004\070\004\076\004\075\004\075\004\113\004\065\000\040\004\061\004\060\004\067\004\113\000\040\004\064\004\060\004\075\004\075\004\113\004\105}{section.1.4}% 11
\BOOKMARK [2][-]{subsection.1.4.2}{\376\377\004\040\004\065\004\073\004\117\004\106\004\070\004\076\004\075\004\075\004\113\004\065\000\040\004\061\004\060\004\067\004\113\000\040\004\064\004\060\004\075\004\075\004\113\004\105}{section.1.4}% 12
\BOOKMARK [2][-]{subsection.1.4.3}{\376\377\004\037\004\076\004\101\004\102\004\100\004\065\004\073\004\117\004\106\004\070\004\076\004\075\004\075\004\113\004\065\000\040\004\061\004\060\004\067\004\113\000\040\004\064\004\060\004\075\004\075\004\113\004\105}{section.1.4}% 13
\BOOKMARK [2][-]{subsection.1.4.4}{\376\377\004\022\004\113\004\061\004\076\004\100\000\040\004\061\004\060\004\067\004\113\000\040\004\064\004\060\004\075\004\075\004\113\004\105}{section.1.4}% 14
\BOOKMARK [1][-]{section.1.5}{\376\377\004\024\004\070\004\060\004\063\004\100\004\060\004\074\004\074\004\060\000\040\004\101\004\103\004\111\004\075\004\076\004\101\004\102\004\065\004\071\000\040\004\070\000\040\004\101\004\062\004\117\004\067\004\065\004\071}{chapter.1}% 15
\BOOKMARK [0][-]{chapter.2}{\376\377\004\032\004\076\004\075\004\101\004\102\004\100\004\103\004\072\004\102\004\076\004\100\004\101\004\072\004\060\004\117\000\040\004\107\004\060\004\101\004\102\004\114}{}% 16
\BOOKMARK [1][-]{section.2.1}{\376\377\004\042\004\060\004\061\004\073\004\070\004\106\004\113\000\040\004\061\004\060\004\067\004\113\000\040\004\064\004\060\004\075\004\075\004\113\004\105}{chapter.2}% 17
\BOOKMARK [1][-]{section.2.2}{\376\377\004\040\004\076\004\073\004\065\004\062\004\060\004\117\000\040\004\074\004\076\004\064\004\065\004\073\004\114}{chapter.2}% 18
\BOOKMARK [1][-]{section.2.3}{\376\377\004\036\004\063\004\100\004\060\004\075\004\070\004\107\004\065\004\075\004\070\004\117\000\040\004\106\004\065\004\073\004\076\004\101\004\102\004\075\004\076\004\101\004\102\004\070}{chapter.2}% 19
\BOOKMARK [1][-]{section.2.4}{\376\377\004\042\004\100\004\070\004\063\004\063\004\065\004\100\004\113\000\040\004\061\004\060\004\067\004\113\000\040\004\064\004\060\004\075\004\075\004\113\004\105}{chapter.2}% 20
\BOOKMARK [0][-]{chapter.3}{\376\377\004\042\004\065\004\105\004\075\004\076\004\073\004\076\004\063\004\070\004\107\004\065\004\101\004\072\004\060\004\117\000\040\004\107\004\060\004\101\004\102\004\114}{}% 21
\BOOKMARK [1][-]{section.3.1}{\376\377\004\022\004\113\004\061\004\076\004\100\000\040\004\041\004\043\004\021\004\024}{chapter.3}% 22
\BOOKMARK [1][-]{section.3.2}{\376\377\004\022\004\113\004\061\004\076\004\100\000\040\004\101\004\100\004\065\004\064\004\101\004\102\004\062\000\040\004\100\004\065\004\060\004\073\004\070\004\067\004\060\004\106\004\070\004\070\000\040\004\077\004\100\004\070\004\073\004\076\004\066\004\065\004\075\004\070\004\117}{chapter.3}% 23
\BOOKMARK [1][-]{section.3.3}{\376\377\004\036\004\077\004\070\004\101\004\060\004\075\004\070\004\065\000\040\004\100\004\065\004\060\004\073\004\070\004\067\004\076\004\062\004\060\004\075\004\075\004\113\004\105\000\040\004\101\004\103\004\111\004\075\004\076\004\101\004\102\004\065\004\071\000\040\004\021\004\024\000\040\004\070\000\040\004\076\004\063\004\100\004\060\004\075\004\070\004\107\004\065\004\075\004\070\004\071\000\040\004\106\004\065\004\073\004\076\004\101\004\102\004\075\004\076\004\101\004\102\004\070}{chapter.3}% 24
\BOOKMARK [1][-]{section.3.4}{\376\377\004\036\004\077\004\070\004\101\004\060\004\075\004\070\004\065\000\040\004\100\004\065\004\060\004\073\004\070\004\067\004\076\004\062\004\060\004\075\004\075\004\113\004\105\000\040\004\102\004\100\004\070\004\063\004\063\004\065\004\100\004\060\000\040\004\070\000\040\004\104\004\103\004\075\004\072\004\106\004\070\004\070}{chapter.3}% 25
\BOOKMARK [1][-]{section.3.5}{\376\377\004\036\004\077\004\070\004\101\004\060\004\075\004\070\004\065\000\040\004\100\004\065\004\060\004\073\004\070\004\067\004\076\004\062\004\060\004\075\004\075\004\076\004\071\000\040\004\100\004\076\004\073\004\065\004\062\004\076\004\071\000\040\004\074\004\076\004\064\004\065\004\073\004\070}{chapter.3}% 26
\BOOKMARK [1][-]{section.3.6}{\376\377\004\034\004\065\004\102\004\076\004\064\004\113\000\040\004\102\004\065\004\101\004\102\004\070\004\100\004\076\004\062\004\060\004\075\004\070\004\117\000\040\004\100\004\060\004\067\004\100\004\060\004\061\004\076\004\102\004\060\004\075\004\075\004\076\004\063\004\076\000\040\004\104\004\103\004\075\004\072\004\106\004\070\004\076\004\075\004\060\004\073\004\060\000\040\004\070\000\040\004\102\004\065\004\101\004\102\004\113\000\040\004\064\004\073\004\117\000\040\004\077\004\100\004\076\004\062\004\065\004\100\004\072\004\070\000\040\004\072\004\076\004\100\004\100\004\065\004\072\004\102\004\075\004\076\004\101\004\102\004\070\000\040\004\100\004\060\004\061\004\076\004\102\004\113\000\040\004\077\004\100\004\070\004\073\004\076\004\066\004\065\004\075\004\070\004\117}{chapter.3}% 27
\BOOKMARK [2][-]{subsection.3.6.1}{\376\377\004\042\004\065\004\101\004\102\004\070\004\100\004\076\004\062\004\060\004\075\004\070\004\065\000\040\004\102\004\100\004\070\004\063\004\063\004\065\004\100\004\060\000\040\004\070\000\040\004\100\004\060\004\067\004\100\004\060\004\061\004\076\004\102\004\060\004\075\004\075\004\076\004\071\000\040\004\104\004\103\004\075\004\072\004\106\004\070\004\070}{section.3.6}% 28
\BOOKMARK [2][-]{subsection.3.6.2}{\376\377\004\042\004\065\004\101\004\102\004\113\000\040\004\077\004\100\004\076\004\062\004\065\004\100\004\072\004\070\000\040\004\072\004\076\004\100\004\100\004\065\004\072\004\102\004\075\004\076\004\101\004\102\004\070\000\040\004\100\004\060\004\061\004\076\004\102\004\113\000\040\004\077\004\100\004\070\004\073\004\076\004\066\004\065\004\075\004\070\004\117}{section.3.6}% 29
\BOOKMARK [1][-]{section.3.7}{\376\377\004\036\004\077\004\070\004\101\004\060\004\075\004\070\004\065\000\040\004\070\004\075\004\102\004\065\004\100\004\104\004\065\004\071\004\101\004\060\000\040\004\064\004\076\004\101\004\102\004\103\004\077\004\060\000\040\004\072\000\040\004\061\004\060\004\067\004\065\000\040\004\064\004\065\004\075\004\075\004\113\004\105}{chapter.3}% 30
\BOOKMARK [1][-]{figure.caption.33}{\376\377\004\022\004\113\004\062\004\076\004\064}{chapter.3}% 31
\BOOKMARK [0][-]{chapter.4}{\376\377\004\030\004\101\004\101\004\073\004\065\004\064\004\076\004\062\004\060\004\102\004\065\004\073\004\114\004\101\004\072\004\060\004\117\000\040\004\107\004\060\004\101\004\102\004\114}{}% 32
\BOOKMARK [1][-]{section.4.1}{\376\377\004\042\004\065\004\105\004\075\004\070\004\107\004\065\004\101\004\072\004\070\004\065\000\040\004\105\004\060\004\100\004\060\004\072\004\102\004\065\004\100\004\070\004\101\004\102\004\070\004\072\004\070}{chapter.4}% 33
\BOOKMARK [1][-]{section.4.2}{\376\377\004\036\004\077\004\070\004\101\004\060\004\075\004\070\004\065\000\040\004\070\004\101\004\101\004\073\004\065\004\064\004\076\004\062\004\060\004\075\004\070\004\117}{chapter.4}% 34
\BOOKMARK [1][-]{section.4.3}{\376\377\004\040\004\065\004\067\004\103\004\073\004\114\004\102\004\060\004\102\004\113\000\040\004\070\004\101\004\101\004\073\004\065\004\064\004\076\004\062\004\060\004\075\004\070\004\117}{chapter.4}% 35
\BOOKMARK [1][-]{figure.caption.35}{\376\377\004\022\004\113\004\062\004\076\004\064}{chapter.4}% 36
\BOOKMARK [0][-]{chapter*.36}{\376\377\004\027\004\020\004\032\004\033\004\056\004\047\004\025\004\035\004\030\004\025}{}% 37
\BOOKMARK [0][-]{chapter*.37}{\376\377\004\037\004\040\004\030\004\033\004\036\004\026\004\025\004\035\004\030\004\025\000\040\004\020}{}% 38
\BOOKMARK [0][-]{chapter*.38}{\376\377\004\037\004\040\004\030\004\033\004\036\004\026\004\025\004\035\004\030\004\025\000\040\004\021}{}% 39
\BOOKMARK [0][-]{chapter*.39}{\376\377\004\037\004\040\004\030\004\033\004\036\004\026\004\025\004\035\004\030\004\025\000\040\004\022}{}% 40
\BOOKMARK [0][-]{chapter*.40}{\376\377\004\041\004\037\004\030\004\041\004\036\004\032\000\040\004\030\004\041\004\037\004\036\004\033\004\054\004\027\004\036\004\022\004\020\004\035\004\035\004\053\004\045\000\040\004\030\004\041\004\042\004\036\004\047\004\035\004\030\004\032\004\036\004\022}{}% 41
